  [1m[35m (1635.4ms)[0m  [1m[35mCREATE DATABASE "todo_development" ENCODING = 'unicode'[0m
  ↳ bin/rails:9
  [1m[35m (388.7ms)[0m  [1m[35mCREATE DATABASE "todo_test" ENCODING = 'unicode'[0m
  ↳ bin/rails:9
  [1m[35m (38.2ms)[0m  [1m[35mCREATE DATABASE "todo_development" ENCODING = 'unicode'[0m
  ↳ bin/rails:9
  [1m[35m (2.5ms)[0m  [1m[35mCREATE DATABASE "todo_test" ENCODING = 'unicode'[0m
  ↳ bin/rails:9
  [1m[35m (412.6ms)[0m  [1m[35mCREATE TABLE "schema_migrations" ("version" character varying NOT NULL PRIMARY KEY)[0m
  ↳ bin/rails:9
  [1m[35m (31.4ms)[0m  [1m[35mCREATE TABLE "ar_internal_metadata" ("key" character varying NOT NULL PRIMARY KEY, "value" character varying, "created_at" timestamp NOT NULL, "updated_at" timestamp NOT NULL)[0m
  ↳ bin/rails:9
  [1m[35m (18.4ms)[0m  [1m[34mSELECT pg_try_advisory_lock(5790848985702910395)[0m
  ↳ bin/rails:9
  [1m[35m (1.5ms)[0m  [1m[34mSELECT "schema_migrations"."version" FROM "schema_migrations" ORDER BY "schema_migrations"."version" ASC[0m
  ↳ bin/rails:9
Migrating to CreateTasks (20190423212522)
  [1m[35m (10.5ms)[0m  [1m[35mBEGIN[0m
  ↳ bin/rails:9
  [1m[35m (101.4ms)[0m  [1m[35mCREATE TABLE "tasks" ("id" bigserial primary key, "title" character varying NOT NULL, "body" character varying NOT NULL, "done" boolean NOT NULL, "created_at" timestamp NOT NULL, "updated_at" timestamp NOT NULL)[0m
  ↳ db/migrate/20190423212522_create_tasks.rb:3
  [1m[36mActiveRecord::SchemaMigration Create (74.5ms)[0m  [1m[32mINSERT INTO "schema_migrations" ("version") VALUES ($1) RETURNING "version"[0m  [["version", "20190423212522"]]
  ↳ bin/rails:9
  [1m[35m (1.1ms)[0m  [1m[35mCOMMIT[0m
  ↳ bin/rails:9
  [1m[36mActiveRecord::InternalMetadata Load (18.0ms)[0m  [1m[34mSELECT  "ar_internal_metadata".* FROM "ar_internal_metadata" WHERE "ar_internal_metadata"."key" = $1 LIMIT $2[0m  [["key", "environment"], ["LIMIT", 1]]
  ↳ bin/rails:9
  [1m[35m (0.2ms)[0m  [1m[35mBEGIN[0m
  ↳ bin/rails:9
  [1m[36mActiveRecord::InternalMetadata Create (12.8ms)[0m  [1m[32mINSERT INTO "ar_internal_metadata" ("key", "value", "created_at", "updated_at") VALUES ($1, $2, $3, $4) RETURNING "key"[0m  [["key", "environment"], ["value", "development"], ["created_at", "2019-04-23 21:27:43.199263"], ["updated_at", "2019-04-23 21:27:43.199263"]]
  ↳ bin/rails:9
  [1m[35m (0.6ms)[0m  [1m[35mCOMMIT[0m
  ↳ bin/rails:9
  [1m[35m (0.4ms)[0m  [1m[34mSELECT pg_advisory_unlock(5790848985702910395)[0m
  ↳ bin/rails:9
  [1m[35m (10.3ms)[0m  [1m[34mSELECT "schema_migrations"."version" FROM "schema_migrations" ORDER BY "schema_migrations"."version" ASC[0m
  ↳ bin/rails:9
  [1m[35m (0.3ms)[0m  [1m[35mBEGIN[0m
  [1m[36mTask Create (1.3ms)[0m  [1m[32mINSERT INTO "tasks" ("title", "body", "done", "created_at", "updated_at") VALUES ($1, $2, $3, $4, $5) RETURNING "id"[0m  [["title", "task1"], ["body", "task task"], ["done", false], ["created_at", "2019-04-23 21:29:02.173304"], ["updated_at", "2019-04-23 21:29:02.173304"]]
  [1m[35m (0.8ms)[0m  [1m[35mCOMMIT[0m
  [1m[35m (0.3ms)[0m  [1m[35mBEGIN[0m
  [1m[36mTask Create (0.7ms)[0m  [1m[32mINSERT INTO "tasks" ("title", "body", "done", "created_at", "updated_at") VALUES ($1, $2, $3, $4, $5) RETURNING "id"[0m  [["title", "tata1"], ["body", "tisk tisk"], ["done", false], ["created_at", "2019-04-23 21:29:45.704149"], ["updated_at", "2019-04-23 21:29:45.704149"]]
  [1m[35m (1.1ms)[0m  [1m[35mCOMMIT[0m
  [1m[36mTask Load (16.3ms)[0m  [1m[34mSELECT "tasks".* FROM "tasks"[0m
  [1m[35m (15.9ms)[0m  [1m[34mSELECT "schema_migrations"."version" FROM "schema_migrations" ORDER BY "schema_migrations"."version" ASC[0m
  ↳ /usr/local/var/rbenv/versions/2.5.0/bin/annotate:23
Started GET "/" for ::1 at 2019-04-23 14:47:33 -0700
  [1m[35m (18.9ms)[0m  [1m[34mSELECT "schema_migrations"."version" FROM "schema_migrations" ORDER BY "schema_migrations"."version" ASC[0m
  ↳ /usr/local/var/rbenv/versions/2.5.0/lib/ruby/gems/2.5.0/gems/activerecord-5.2.3/lib/active_record/log_subscriber.rb:98
Processing by StaticPagesController#root as HTML
  Rendering static_pages/root.html.erb within layouts/application
  Rendered static_pages/root.html.erb within layouts/application (2.4ms)
Completed 200 OK in 6585ms (Views: 6571.4ms | ActiveRecord: 0.0ms)


Started GET "/api/todos" for ::1 at 2019-04-23 14:48:08 -0700
  
ActionController::RoutingError (No route matches [GET] "/api/todos"):
  
actionpack (5.2.3) lib/action_dispatch/middleware/debug_exceptions.rb:65:in `call'
web-console (3.7.0) lib/web_console/middleware.rb:135:in `call_app'
web-console (3.7.0) lib/web_console/middleware.rb:30:in `block in call'
web-console (3.7.0) lib/web_console/middleware.rb:20:in `catch'
web-console (3.7.0) lib/web_console/middleware.rb:20:in `call'
actionpack (5.2.3) lib/action_dispatch/middleware/show_exceptions.rb:33:in `call'
railties (5.2.3) lib/rails/rack/logger.rb:38:in `call_app'
railties (5.2.3) lib/rails/rack/logger.rb:26:in `block in call'
activesupport (5.2.3) lib/active_support/tagged_logging.rb:71:in `block in tagged'
activesupport (5.2.3) lib/active_support/tagged_logging.rb:28:in `tagged'
activesupport (5.2.3) lib/active_support/tagged_logging.rb:71:in `tagged'
railties (5.2.3) lib/rails/rack/logger.rb:26:in `call'
sprockets-rails (3.2.1) lib/sprockets/rails/quiet_assets.rb:13:in `call'
actionpack (5.2.3) lib/action_dispatch/middleware/remote_ip.rb:81:in `call'
actionpack (5.2.3) lib/action_dispatch/middleware/request_id.rb:27:in `call'
rack (2.0.7) lib/rack/method_override.rb:22:in `call'
rack (2.0.7) lib/rack/runtime.rb:22:in `call'
activesupport (5.2.3) lib/active_support/cache/strategy/local_cache_middleware.rb:29:in `call'
actionpack (5.2.3) lib/action_dispatch/middleware/executor.rb:14:in `call'
actionpack (5.2.3) lib/action_dispatch/middleware/static.rb:127:in `call'
rack (2.0.7) lib/rack/sendfile.rb:111:in `call'
railties (5.2.3) lib/rails/engine.rb:524:in `call'
puma (3.12.1) lib/puma/configuration.rb:227:in `call'
puma (3.12.1) lib/puma/server.rb:660:in `handle_request'
puma (3.12.1) lib/puma/server.rb:474:in `process_client'
puma (3.12.1) lib/puma/server.rb:334:in `block in run'
puma (3.12.1) lib/puma/thread_pool.rb:135:in `block in spawn_thread'
Started GET "/api/tasks" for ::1 at 2019-04-23 14:48:35 -0700
Processing by Api::TasksController#index as */*
  Parameters: {"default"=>{"format"=>:json}}
  [1m[36mTask Load (1.1ms)[0m  [1m[34mSELECT "tasks".* FROM "tasks"[0m
  ↳ app/controllers/api/tasks_controller.rb:4
Completed 200 OK in 118ms (Views: 33.6ms | ActiveRecord: 10.0ms)


Started GET "/" for ::1 at 2019-04-23 14:55:09 -0700
Processing by StaticPagesController#root as HTML
  Rendering static_pages/root.html.erb within layouts/application
  Rendered static_pages/root.html.erb within layouts/application (4.0ms)
Completed 200 OK in 1619ms (Views: 1617.4ms | ActiveRecord: 0.0ms)


Started GET "/" for ::1 at 2019-04-23 14:56:16 -0700
Processing by StaticPagesController#root as HTML
  Rendering static_pages/root.html.erb within layouts/application
  Rendered static_pages/root.html.erb within layouts/application (3.5ms)
Completed 200 OK in 1352ms (Views: 1349.3ms | ActiveRecord: 0.0ms)


Started GET "/" for ::1 at 2019-04-23 14:56:22 -0700
Processing by StaticPagesController#root as HTML
  Rendering static_pages/root.html.erb within layouts/application
  Rendered static_pages/root.html.erb within layouts/application (1.0ms)
Completed 200 OK in 130ms (Views: 129.7ms | ActiveRecord: 0.0ms)


Started GET "/" for ::1 at 2019-04-23 14:57:11 -0700
Processing by StaticPagesController#root as HTML
  Rendering static_pages/root.html.erb within layouts/application
  Rendered static_pages/root.html.erb within layouts/application (1.5ms)
Completed 200 OK in 86ms (Views: 85.9ms | ActiveRecord: 0.0ms)


Started GET "/" for ::1 at 2019-04-23 14:59:10 -0700
Processing by StaticPagesController#root as HTML
  Rendering static_pages/root.html.erb within layouts/application
  Rendered static_pages/root.html.erb within layouts/application (1.0ms)
Completed 200 OK in 189ms (Views: 188.7ms | ActiveRecord: 0.0ms)


Started GET "/cats/new" for ::1 at 2019-04-23 14:59:11 -0700
  
ActionController::RoutingError (No route matches [GET] "/cats/new"):
  
actionpack (5.2.3) lib/action_dispatch/middleware/debug_exceptions.rb:65:in `call'
web-console (3.7.0) lib/web_console/middleware.rb:135:in `call_app'
web-console (3.7.0) lib/web_console/middleware.rb:30:in `block in call'
web-console (3.7.0) lib/web_console/middleware.rb:20:in `catch'
web-console (3.7.0) lib/web_console/middleware.rb:20:in `call'
actionpack (5.2.3) lib/action_dispatch/middleware/show_exceptions.rb:33:in `call'
railties (5.2.3) lib/rails/rack/logger.rb:38:in `call_app'
railties (5.2.3) lib/rails/rack/logger.rb:26:in `block in call'
activesupport (5.2.3) lib/active_support/tagged_logging.rb:71:in `block in tagged'
activesupport (5.2.3) lib/active_support/tagged_logging.rb:28:in `tagged'
activesupport (5.2.3) lib/active_support/tagged_logging.rb:71:in `tagged'
railties (5.2.3) lib/rails/rack/logger.rb:26:in `call'
sprockets-rails (3.2.1) lib/sprockets/rails/quiet_assets.rb:13:in `call'
actionpack (5.2.3) lib/action_dispatch/middleware/remote_ip.rb:81:in `call'
actionpack (5.2.3) lib/action_dispatch/middleware/request_id.rb:27:in `call'
rack (2.0.7) lib/rack/method_override.rb:22:in `call'
rack (2.0.7) lib/rack/runtime.rb:22:in `call'
activesupport (5.2.3) lib/active_support/cache/strategy/local_cache_middleware.rb:29:in `call'
actionpack (5.2.3) lib/action_dispatch/middleware/executor.rb:14:in `call'
actionpack (5.2.3) lib/action_dispatch/middleware/static.rb:127:in `call'
rack (2.0.7) lib/rack/sendfile.rb:111:in `call'
railties (5.2.3) lib/rails/engine.rb:524:in `call'
puma (3.12.1) lib/puma/configuration.rb:227:in `call'
puma (3.12.1) lib/puma/server.rb:660:in `handle_request'
puma (3.12.1) lib/puma/server.rb:474:in `process_client'
puma (3.12.1) lib/puma/server.rb:334:in `block in run'
puma (3.12.1) lib/puma/thread_pool.rb:135:in `block in spawn_thread'
Started GET "/" for ::1 at 2019-04-23 15:03:26 -0700
Processing by StaticPagesController#root as */*
  Rendering static_pages/root.html.erb within layouts/application
  Rendered static_pages/root.html.erb within layouts/application (0.5ms)
Completed 200 OK in 276ms (Views: 275.6ms | ActiveRecord: 0.0ms)


Started GET "/" for ::1 at 2019-04-23 15:03:33 -0700
Processing by StaticPagesController#root as */*
  Rendering static_pages/root.html.erb within layouts/application
  Rendered static_pages/root.html.erb within layouts/application (0.5ms)
Completed 200 OK in 65ms (Views: 65.1ms | ActiveRecord: 0.0ms)


Started GET "/" for ::1 at 2019-04-23 15:04:05 -0700
Processing by StaticPagesController#root as */*
  Rendering static_pages/root.html.erb within layouts/application
  Rendered static_pages/root.html.erb within layouts/application (0.4ms)
Completed 200 OK in 64ms (Views: 63.8ms | ActiveRecord: 0.0ms)


Started GET "/api/tasks" for ::1 at 2019-04-23 15:04:24 -0700
Processing by Api::TasksController#index as */*
  Parameters: {"default"=>{"format"=>:json}}
  [1m[36mTask Load (2.7ms)[0m  [1m[34mSELECT "tasks".* FROM "tasks"[0m
  ↳ app/controllers/api/tasks_controller.rb:4
Completed 200 OK in 8ms (Views: 4.4ms | ActiveRecord: 2.7ms)


Started GET "/api/tasks" for ::1 at 2019-04-23 15:05:06 -0700
Processing by Api::TasksController#index as */*
  Parameters: {"default"=>{"format"=>:json}}
  [1m[36mTask Load (2.4ms)[0m  [1m[34mSELECT "tasks".* FROM "tasks"[0m
  ↳ app/controllers/api/tasks_controller.rb:4
Completed 200 OK in 7ms (Views: 3.8ms | ActiveRecord: 2.4ms)


Started GET "/" for ::1 at 2019-04-23 15:11:03 -0700
Processing by StaticPagesController#root as HTML
  Rendering static_pages/root.html.erb within layouts/application
  Rendered static_pages/root.html.erb within layouts/application (2.9ms)
Completed 200 OK in 291ms (Views: 290.0ms | ActiveRecord: 0.0ms)


Started GET "/" for ::1 at 2019-04-23 15:11:42 -0700
Processing by StaticPagesController#root as HTML
  Rendering static_pages/root.html.erb within layouts/application
  Rendered static_pages/root.html.erb within layouts/application (0.4ms)
Completed 200 OK in 737ms (Views: 737.2ms | ActiveRecord: 0.0ms)


Started GET "/" for ::1 at 2019-04-23 15:12:07 -0700
Processing by StaticPagesController#root as HTML
  Rendering static_pages/root.html.erb within layouts/application
  Rendered static_pages/root.html.erb within layouts/application (0.6ms)
Started GET "/" for ::1 at 2019-04-23 15:12:10 -0700
Processing by StaticPagesController#root as HTML
  Rendering static_pages/root.html.erb within layouts/application
  Rendered static_pages/root.html.erb within layouts/application (0.6ms)
Completed 200 OK in 3033ms (Views: 3032.2ms | ActiveRecord: 0.0ms)


Completed 200 OK in 630ms (Views: 629.4ms | ActiveRecord: 0.0ms)


Started GET "/api/tasks" for ::1 at 2019-04-23 15:12:15 -0700
Processing by Api::TasksController#index as */*
  Parameters: {"default"=>{"format"=>:json}}
  [1m[36mTask Load (2.2ms)[0m  [1m[34mSELECT "tasks".* FROM "tasks"[0m
  ↳ app/controllers/api/tasks_controller.rb:4
Completed 200 OK in 5ms (Views: 2.7ms | ActiveRecord: 2.2ms)


Started GET "/api/tasks" for ::1 at 2019-04-23 15:12:23 -0700
Processing by Api::TasksController#index as */*
  Parameters: {"default"=>{"format"=>:json}}
  [1m[36mTask Load (0.7ms)[0m  [1m[34mSELECT "tasks".* FROM "tasks"[0m
  ↳ app/controllers/api/tasks_controller.rb:4
Completed 200 OK in 3ms (Views: 2.1ms | ActiveRecord: 0.7ms)


Started GET "/" for ::1 at 2019-04-23 15:19:26 -0700
Processing by StaticPagesController#root as HTML
  Rendering static_pages/root.html.erb within layouts/application
  Rendered static_pages/root.html.erb within layouts/application (3.7ms)
Completed 200 OK in 1666ms (Views: 1664.7ms | ActiveRecord: 0.0ms)


Started GET "/" for ::1 at 2019-04-23 15:19:34 -0700
Processing by StaticPagesController#root as HTML
  Rendering static_pages/root.html.erb within layouts/application
  Rendered static_pages/root.html.erb within layouts/application (0.6ms)
Completed 200 OK in 97ms (Views: 96.9ms | ActiveRecord: 0.0ms)


Started GET "/" for ::1 at 2019-04-23 15:19:53 -0700
Processing by StaticPagesController#root as HTML
  Rendering static_pages/root.html.erb within layouts/application
  Rendered static_pages/root.html.erb within layouts/application (0.6ms)
Completed 200 OK in 1443ms (Views: 1442.7ms | ActiveRecord: 0.0ms)


Started GET "/" for ::1 at 2019-04-23 15:20:07 -0700
Processing by StaticPagesController#root as HTML
  Rendering static_pages/root.html.erb within layouts/application
  Rendered static_pages/root.html.erb within layouts/application (0.6ms)
Completed 200 OK in 1267ms (Views: 1266.3ms | ActiveRecord: 0.0ms)


Started GET "/" for ::1 at 2019-04-23 15:26:00 -0700
Processing by StaticPagesController#root as HTML
  Rendering static_pages/root.html.erb within layouts/application
  Rendered static_pages/root.html.erb within layouts/application (2.7ms)
Completed 200 OK in 1446ms (Views: 1443.3ms | ActiveRecord: 0.0ms)


Started GET "/api/tasks" for ::1 at 2019-04-23 15:26:08 -0700
Processing by Api::TasksController#index as */*
  Parameters: {"default"=>{"format"=>:json}}
  [1m[36mTask Load (1.5ms)[0m  [1m[34mSELECT "tasks".* FROM "tasks"[0m
  ↳ app/controllers/api/tasks_controller.rb:4
Completed 200 OK in 9ms (Views: 6.4ms | ActiveRecord: 1.5ms)


Started GET "/" for ::1 at 2019-04-23 15:34:24 -0700
Processing by StaticPagesController#root as HTML
  Rendering static_pages/root.html.erb within layouts/application
  Rendered static_pages/root.html.erb within layouts/application (4.6ms)
Completed 200 OK in 1543ms (Views: 1539.6ms | ActiveRecord: 0.0ms)


Started GET "/api/tasks" for ::1 at 2019-04-23 15:34:26 -0700
Processing by Api::TasksController#index as */*
  Parameters: {"default"=>{"format"=>:json}}
  [1m[36mTask Load (2.7ms)[0m  [1m[34mSELECT "tasks".* FROM "tasks"[0m
  ↳ app/controllers/api/tasks_controller.rb:4
Completed 200 OK in 7ms (Views: 3.3ms | ActiveRecord: 2.7ms)


Started GET "/" for ::1 at 2019-04-23 15:38:40 -0700
Processing by StaticPagesController#root as HTML
  Rendering static_pages/root.html.erb within layouts/application
  Rendered static_pages/root.html.erb within layouts/application (2.9ms)
Started GET "/" for ::1 at 2019-04-23 15:38:41 -0700
Processing by StaticPagesController#root as HTML
  Rendering static_pages/root.html.erb within layouts/application
  Rendered static_pages/root.html.erb within layouts/application (0.8ms)
Completed 200 OK in 1492ms (Views: 1490.0ms | ActiveRecord: 0.0ms)


Completed 200 OK in 631ms (Views: 631.1ms | ActiveRecord: 0.0ms)


Started GET "/" for ::1 at 2019-04-23 15:38:46 -0700
Processing by StaticPagesController#root as HTML
  Rendering static_pages/root.html.erb within layouts/application
  Rendered static_pages/root.html.erb within layouts/application (0.5ms)
Completed 200 OK in 44ms (Views: 43.9ms | ActiveRecord: 0.0ms)


Started GET "/api/tasks" for ::1 at 2019-04-23 15:38:46 -0700
Processing by Api::TasksController#index as */*
  Parameters: {"default"=>{"format"=>:json}}
  [1m[36mTask Load (3.0ms)[0m  [1m[34mSELECT "tasks".* FROM "tasks"[0m
  ↳ app/controllers/api/tasks_controller.rb:4
Completed 200 OK in 23ms (Views: 18.3ms | ActiveRecord: 3.0ms)


Started GET "/" for ::1 at 2019-04-23 15:38:46 -0700
Processing by StaticPagesController#root as HTML
  Rendering static_pages/root.html.erb within layouts/application
  Rendered static_pages/root.html.erb within layouts/application (24.4ms)
Completed 200 OK in 134ms (Views: 133.3ms | ActiveRecord: 0.0ms)


Started GET "/api/tasks" for ::1 at 2019-04-23 15:38:47 -0700
Processing by Api::TasksController#index as */*
  Parameters: {"default"=>{"format"=>:json}}
  [1m[36mTask Load (1.7ms)[0m  [1m[34mSELECT "tasks".* FROM "tasks"[0m
  ↳ app/controllers/api/tasks_controller.rb:4
Completed 200 OK in 5ms (Views: 2.9ms | ActiveRecord: 1.7ms)


Started POST "/api/tasks" for ::1 at 2019-04-23 15:39:14 -0700
Processing by Api::TasksController#create as */*
  Parameters: {"task"=>{"title"=>"test", "body"=>"im the body"}, "default"=>{"format"=>:json}}
Completed 400 Bad Request in 2ms (ActiveRecord: 0.0ms)



ActionController::ParameterMissing - param is missing or the value is empty: todo:
  app/controllers/api/tasks_controller.rb:39:in `task_params'
  app/controllers/api/tasks_controller.rb:12:in `create'

Started POST "/api/tasks" for ::1 at 2019-04-23 15:39:40 -0700
Processing by Api::TasksController#create as */*
  Parameters: {"task"=>{"title"=>"test", "body"=>"im the body", "id"=>"54616541231"}, "default"=>{"format"=>:json}}
Completed 400 Bad Request in 2ms (ActiveRecord: 0.0ms)



ActionController::ParameterMissing - param is missing or the value is empty: todo:
  app/controllers/api/tasks_controller.rb:39:in `task_params'
  app/controllers/api/tasks_controller.rb:12:in `create'

Started GET "/" for ::1 at 2019-04-23 15:40:34 -0700
Processing by StaticPagesController#root as HTML
  Rendering static_pages/root.html.erb within layouts/application
  Rendered static_pages/root.html.erb within layouts/application (0.9ms)
Started GET "/" for ::1 at 2019-04-23 15:40:35 -0700
Processing by StaticPagesController#root as HTML
  Rendering static_pages/root.html.erb within layouts/application
  Rendered static_pages/root.html.erb within layouts/application (0.6ms)
Completed 200 OK in 1305ms (Views: 1304.1ms | ActiveRecord: 0.0ms)


Completed 200 OK in 584ms (Views: 583.8ms | ActiveRecord: 0.0ms)


Started GET "/" for ::1 at 2019-04-23 15:40:40 -0700
Processing by StaticPagesController#root as HTML
  Rendering static_pages/root.html.erb within layouts/application
  Rendered static_pages/root.html.erb within layouts/application (0.4ms)
Completed 200 OK in 40ms (Views: 39.6ms | ActiveRecord: 0.0ms)


Started GET "/api/tasks" for ::1 at 2019-04-23 15:40:40 -0700
Processing by Api::TasksController#index as */*
  Parameters: {"default"=>{"format"=>:json}}
  [1m[36mTask Load (1.1ms)[0m  [1m[34mSELECT "tasks".* FROM "tasks"[0m
  ↳ app/controllers/api/tasks_controller.rb:4
Completed 200 OK in 5ms (Views: 3.1ms | ActiveRecord: 1.1ms)


Started POST "/api/tasks" for ::1 at 2019-04-23 15:40:51 -0700
Processing by Api::TasksController#create as */*
  Parameters: {"task"=>{"title"=>"test", "body"=>"im the body"}, "default"=>{"format"=>:json}}
Completed 400 Bad Request in 1ms (ActiveRecord: 0.0ms)



ActionController::ParameterMissing - param is missing or the value is empty: todo:
  app/controllers/api/tasks_controller.rb:39:in `task_params'
  app/controllers/api/tasks_controller.rb:12:in `create'

Started GET "/" for ::1 at 2019-04-23 15:41:25 -0700
Processing by StaticPagesController#root as HTML
  Rendering static_pages/root.html.erb within layouts/application
  Rendered static_pages/root.html.erb within layouts/application (0.8ms)
Completed 200 OK in 1684ms (Views: 1683.4ms | ActiveRecord: 0.0ms)


Started GET "/api/tasks" for ::1 at 2019-04-23 15:41:28 -0700
Processing by Api::TasksController#index as */*
  Parameters: {"default"=>{"format"=>:json}}
  [1m[36mTask Load (0.9ms)[0m  [1m[34mSELECT "tasks".* FROM "tasks"[0m
  ↳ app/controllers/api/tasks_controller.rb:4
Completed 200 OK in 5ms (Views: 3.2ms | ActiveRecord: 0.9ms)


Started POST "/api/tasks" for ::1 at 2019-04-23 15:41:29 -0700
Processing by Api::TasksController#create as */*
  Parameters: {"todo"=>{"title"=>"test", "body"=>"im the body"}, "default"=>{"format"=>:json}}
  [1m[35m (0.2ms)[0m  [1m[35mBEGIN[0m
  ↳ app/controllers/api/tasks_controller.rb:13
  [1m[35m (0.3ms)[0m  [1m[31mROLLBACK[0m
  ↳ app/controllers/api/tasks_controller.rb:13
Completed 422 Unprocessable Entity in 155ms (Views: 0.3ms | ActiveRecord: 0.5ms)


Started POST "/api/tasks" for ::1 at 2019-04-23 15:42:18 -0700
Processing by Api::TasksController#create as */*
  Parameters: {"todo"=>{"title"=>"test", "body"=>"im the body", "done"=>"false"}, "default"=>{"format"=>:json}}
Unpermitted parameter: :done
  [1m[35m (0.3ms)[0m  [1m[35mBEGIN[0m
  ↳ app/controllers/api/tasks_controller.rb:13
  [1m[35m (0.3ms)[0m  [1m[31mROLLBACK[0m
  ↳ app/controllers/api/tasks_controller.rb:13
Completed 422 Unprocessable Entity in 6ms (Views: 0.5ms | ActiveRecord: 0.6ms)


Started GET "/" for ::1 at 2019-04-23 15:42:48 -0700
Processing by StaticPagesController#root as HTML
  Rendering static_pages/root.html.erb within layouts/application
  Rendered static_pages/root.html.erb within layouts/application (0.4ms)
Completed 200 OK in 30ms (Views: 29.0ms | ActiveRecord: 0.0ms)


Started GET "/api/tasks" for ::1 at 2019-04-23 15:42:48 -0700
Processing by Api::TasksController#index as */*
  Parameters: {"default"=>{"format"=>:json}}
  [1m[36mTask Load (1.9ms)[0m  [1m[34mSELECT "tasks".* FROM "tasks"[0m
  ↳ app/controllers/api/tasks_controller.rb:4
Completed 200 OK in 87ms (Views: 17.1ms | ActiveRecord: 49.4ms)


Started POST "/api/tasks" for ::1 at 2019-04-23 15:42:52 -0700
Processing by Api::TasksController#create as */*
  Parameters: {"todo"=>{"title"=>"test", "body"=>"im the body", "done"=>"false"}, "default"=>{"format"=>:json}}
  [1m[35m (0.3ms)[0m  [1m[35mBEGIN[0m
  ↳ app/controllers/api/tasks_controller.rb:13
  [1m[36mTask Create (21.5ms)[0m  [1m[32mINSERT INTO "tasks" ("title", "body", "done", "created_at", "updated_at") VALUES ($1, $2, $3, $4, $5) RETURNING "id"[0m  [["title", "test"], ["body", "im the body"], ["done", false], ["created_at", "2019-04-23 22:42:52.657025"], ["updated_at", "2019-04-23 22:42:52.657025"]]
  ↳ app/controllers/api/tasks_controller.rb:13
  [1m[35m (0.5ms)[0m  [1m[35mCOMMIT[0m
  ↳ app/controllers/api/tasks_controller.rb:13
Completed 200 OK in 28ms (Views: 0.6ms | ActiveRecord: 22.3ms)


Started POST "/api/tasks" for ::1 at 2019-04-23 15:43:07 -0700
Processing by Api::TasksController#create as */*
  Parameters: {"todo"=>{"title"=>"test", "body"=>"im the body", "done"=>"false"}, "default"=>{"format"=>:json}}
  [1m[35m (0.3ms)[0m  [1m[35mBEGIN[0m
  ↳ app/controllers/api/tasks_controller.rb:13
  [1m[36mTask Create (0.9ms)[0m  [1m[32mINSERT INTO "tasks" ("title", "body", "done", "created_at", "updated_at") VALUES ($1, $2, $3, $4, $5) RETURNING "id"[0m  [["title", "test"], ["body", "im the body"], ["done", false], ["created_at", "2019-04-23 22:43:07.201494"], ["updated_at", "2019-04-23 22:43:07.201494"]]
  ↳ app/controllers/api/tasks_controller.rb:13
  [1m[35m (0.6ms)[0m  [1m[35mCOMMIT[0m
  ↳ app/controllers/api/tasks_controller.rb:13
Completed 200 OK in 7ms (Views: 0.7ms | ActiveRecord: 1.8ms)


Started GET "/" for ::1 at 2019-04-23 16:04:07 -0700
  [1m[35m (17.8ms)[0m  [1m[34mSELECT "schema_migrations"."version" FROM "schema_migrations" ORDER BY "schema_migrations"."version" ASC[0m
  ↳ /usr/local/var/rbenv/versions/2.5.0/lib/ruby/gems/2.5.0/gems/activerecord-5.2.3/lib/active_record/log_subscriber.rb:98
Processing by StaticPagesController#root as HTML
  Rendering static_pages/root.html.erb within layouts/application
  Rendered static_pages/root.html.erb within layouts/application (4.9ms)
Completed 200 OK in 4900ms (Views: 4899.2ms | ActiveRecord: 0.0ms)


Started GET "/api/tasks" for ::1 at 2019-04-23 16:04:13 -0700
Processing by Api::TasksController#index as */*
  Parameters: {"default"=>{"format"=>:json}}
  [1m[36mTask Load (2.0ms)[0m  [1m[34mSELECT "tasks".* FROM "tasks"[0m
  ↳ app/controllers/api/tasks_controller.rb:4
Completed 200 OK in 98ms (Views: 33.2ms | ActiveRecord: 20.3ms)


Started POST "/api/tasks" for ::1 at 2019-04-23 16:04:24 -0700
Processing by Api::TasksController#create as */*
  Parameters: {"todo"=>{"title"=>"test", "body"=>"im the body"}, "default"=>{"format"=>:json}}
  [1m[35m (0.8ms)[0m  [1m[35mBEGIN[0m
  ↳ app/controllers/api/tasks_controller.rb:13
  [1m[36mTask Create (0.8ms)[0m  [1m[32mINSERT INTO "tasks" ("title", "body", "done", "created_at", "updated_at") VALUES ($1, $2, $3, $4, $5) RETURNING "id"[0m  [["title", "test"], ["body", "im the body"], ["done", false], ["created_at", "2019-04-23 23:04:24.813587"], ["updated_at", "2019-04-23 23:04:24.813587"]]
  ↳ app/controllers/api/tasks_controller.rb:13
  [1m[35m (0.5ms)[0m  [1m[35mCOMMIT[0m
  ↳ app/controllers/api/tasks_controller.rb:13
Completed 200 OK in 7ms (Views: 0.4ms | ActiveRecord: 2.1ms)


Started GET "/" for ::1 at 2019-04-23 16:11:16 -0700
Processing by StaticPagesController#root as HTML
  Rendering static_pages/root.html.erb within layouts/application
  Rendered static_pages/root.html.erb within layouts/application (1.1ms)
Completed 200 OK in 1354ms (Views: 1353.9ms | ActiveRecord: 0.0ms)


Started GET "/api/tasks" for ::1 at 2019-04-23 16:11:18 -0700
Processing by Api::TasksController#index as */*
  Parameters: {"default"=>{"format"=>:json}}
  [1m[36mTask Load (1.8ms)[0m  [1m[34mSELECT "tasks".* FROM "tasks"[0m
  ↳ app/controllers/api/tasks_controller.rb:4
Completed 200 OK in 7ms (Views: 4.3ms | ActiveRecord: 1.8ms)


Started POST "/api/tasks" for ::1 at 2019-04-23 16:11:27 -0700
Processing by Api::TasksController#create as */*
  Parameters: {"todo"=>{"title"=>"holy crap", "body"=>"does this work???"}, "default"=>{"format"=>:json}}
  [1m[35m (0.5ms)[0m  [1m[35mBEGIN[0m
  ↳ app/controllers/api/tasks_controller.rb:13
  [1m[36mTask Create (1.6ms)[0m  [1m[32mINSERT INTO "tasks" ("title", "body", "done", "created_at", "updated_at") VALUES ($1, $2, $3, $4, $5) RETURNING "id"[0m  [["title", "holy crap"], ["body", "does this work???"], ["done", false], ["created_at", "2019-04-23 23:11:27.900452"], ["updated_at", "2019-04-23 23:11:27.900452"]]
  ↳ app/controllers/api/tasks_controller.rb:13
  [1m[35m (0.6ms)[0m  [1m[35mCOMMIT[0m
  ↳ app/controllers/api/tasks_controller.rb:13
Completed 200 OK in 8ms (Views: 0.6ms | ActiveRecord: 2.7ms)


Started GET "/" for ::1 at 2019-04-23 16:11:32 -0700
Processing by StaticPagesController#root as HTML
  Rendering static_pages/root.html.erb within layouts/application
  Rendered static_pages/root.html.erb within layouts/application (0.5ms)
Completed 200 OK in 37ms (Views: 37.2ms | ActiveRecord: 0.0ms)


Started GET "/api/tasks" for ::1 at 2019-04-23 16:11:32 -0700
Processing by Api::TasksController#index as */*
  Parameters: {"default"=>{"format"=>:json}}
  [1m[36mTask Load (1.1ms)[0m  [1m[34mSELECT "tasks".* FROM "tasks"[0m
  ↳ app/controllers/api/tasks_controller.rb:4
Completed 200 OK in 8ms (Views: 6.7ms | ActiveRecord: 1.1ms)


Started POST "/api/tasks" for ::1 at 2019-04-23 16:28:56 -0700
Processing by Api::TasksController#create as */*
  Parameters: {"todo"=>{"title"=>"", "body"=>""}, "default"=>{"format"=>:json}}
  [1m[35m (0.3ms)[0m  [1m[35mBEGIN[0m
  ↳ app/controllers/api/tasks_controller.rb:13
  [1m[35m (0.2ms)[0m  [1m[31mROLLBACK[0m
  ↳ app/controllers/api/tasks_controller.rb:13
Completed 422 Unprocessable Entity in 46ms (Views: 1.8ms | ActiveRecord: 0.5ms)


Started GET "/" for ::1 at 2019-04-23 16:29:37 -0700
Processing by StaticPagesController#root as HTML
  Rendering static_pages/root.html.erb within layouts/application
  Rendered static_pages/root.html.erb within layouts/application (2.3ms)
Completed 200 OK in 1621ms (Views: 1620.2ms | ActiveRecord: 0.0ms)


Started GET "/" for ::1 at 2019-04-23 16:30:12 -0700
Processing by StaticPagesController#root as HTML
  Rendering static_pages/root.html.erb within layouts/application
  Rendered static_pages/root.html.erb within layouts/application (0.5ms)
Completed 200 OK in 1263ms (Views: 1262.7ms | ActiveRecord: 0.0ms)


Started GET "/" for ::1 at 2019-04-23 16:30:14 -0700
Processing by StaticPagesController#root as HTML
  Rendering static_pages/root.html.erb within layouts/application
  Rendered static_pages/root.html.erb within layouts/application (0.9ms)
Completed 200 OK in 45ms (Views: 45.1ms | ActiveRecord: 0.0ms)


Started GET "/api/tasks" for ::1 at 2019-04-23 16:30:15 -0700
Processing by Api::TasksController#index as */*
  Parameters: {"default"=>{"format"=>:json}}
  [1m[36mTask Load (3.2ms)[0m  [1m[34mSELECT "tasks".* FROM "tasks"[0m
  ↳ app/controllers/api/tasks_controller.rb:4
Completed 200 OK in 8ms (Views: 4.3ms | ActiveRecord: 3.2ms)


Started GET "/" for ::1 at 2019-04-23 16:30:46 -0700
Processing by StaticPagesController#root as HTML
  Rendering static_pages/root.html.erb within layouts/application
  Rendered static_pages/root.html.erb within layouts/application (0.6ms)
Completed 200 OK in 232ms (Views: 231.3ms | ActiveRecord: 0.0ms)


Started GET "/" for ::1 at 2019-04-23 16:30:48 -0700
Processing by StaticPagesController#root as HTML
  Rendering static_pages/root.html.erb within layouts/application
  Rendered static_pages/root.html.erb within layouts/application (0.8ms)
Completed 200 OK in 1084ms (Views: 1083.6ms | ActiveRecord: 0.0ms)


Started GET "/" for ::1 at 2019-04-23 16:31:04 -0700
Processing by StaticPagesController#root as HTML
  Rendering static_pages/root.html.erb within layouts/application
  Rendered static_pages/root.html.erb within layouts/application (2.5ms)
Completed 200 OK in 1575ms (Views: 1574.7ms | ActiveRecord: 0.0ms)


Started GET "/api/tasks" for ::1 at 2019-04-23 16:31:06 -0700
Processing by Api::TasksController#index as */*
  Parameters: {"default"=>{"format"=>:json}}
  [1m[36mTask Load (1.2ms)[0m  [1m[34mSELECT "tasks".* FROM "tasks"[0m
  ↳ app/controllers/api/tasks_controller.rb:4
Completed 200 OK in 7ms (Views: 5.3ms | ActiveRecord: 1.2ms)


Started POST "/api/tasks" for ::1 at 2019-04-23 16:31:15 -0700
Processing by Api::TasksController#create as */*
  Parameters: {"todo"=>{"title"=>"", "body"=>""}, "default"=>{"format"=>:json}}
  [1m[35m (0.4ms)[0m  [1m[35mBEGIN[0m
  ↳ app/controllers/api/tasks_controller.rb:13
  [1m[35m (0.3ms)[0m  [1m[31mROLLBACK[0m
  ↳ app/controllers/api/tasks_controller.rb:13
Completed 422 Unprocessable Entity in 7ms (Views: 0.2ms | ActiveRecord: 0.7ms)


Started GET "/" for ::1 at 2019-04-23 16:32:37 -0700
Processing by StaticPagesController#root as HTML
  Rendering static_pages/root.html.erb within layouts/application
  Rendered static_pages/root.html.erb within layouts/application (0.7ms)
Completed 200 OK in 224ms (Views: 219.0ms | ActiveRecord: 0.0ms)


Started GET "/api/tasks" for ::1 at 2019-04-23 16:32:38 -0700
Processing by Api::TasksController#index as */*
  Parameters: {"default"=>{"format"=>:json}}
  [1m[36mTask Load (1.7ms)[0m  [1m[34mSELECT "tasks".* FROM "tasks"[0m
  ↳ app/controllers/api/tasks_controller.rb:4
Completed 200 OK in 13ms (Views: 10.3ms | ActiveRecord: 1.7ms)


Started POST "/api/tasks" for ::1 at 2019-04-23 16:32:39 -0700
Processing by Api::TasksController#create as */*
  Parameters: {"todo"=>{"title"=>"", "body"=>""}, "default"=>{"format"=>:json}}
  [1m[35m (0.3ms)[0m  [1m[35mBEGIN[0m
  ↳ app/controllers/api/tasks_controller.rb:13
  [1m[35m (0.2ms)[0m  [1m[31mROLLBACK[0m
  ↳ app/controllers/api/tasks_controller.rb:13
Completed 422 Unprocessable Entity in 8ms (Views: 0.4ms | ActiveRecord: 0.5ms)


Started GET "/" for ::1 at 2019-04-23 16:34:03 -0700
Processing by StaticPagesController#root as HTML
  Rendering static_pages/root.html.erb within layouts/application
  Rendered static_pages/root.html.erb within layouts/application (0.8ms)
Completed 200 OK in 1331ms (Views: 1330.9ms | ActiveRecord: 0.0ms)


Started GET "/" for ::1 at 2019-04-23 16:34:05 -0700
Processing by StaticPagesController#root as HTML
  Rendering static_pages/root.html.erb within layouts/application
  Rendered static_pages/root.html.erb within layouts/application (0.7ms)
Completed 200 OK in 43ms (Views: 43.0ms | ActiveRecord: 0.0ms)


Started GET "/api/tasks" for ::1 at 2019-04-23 16:34:06 -0700
Processing by Api::TasksController#index as */*
  Parameters: {"default"=>{"format"=>:json}}
  [1m[36mTask Load (0.6ms)[0m  [1m[34mSELECT "tasks".* FROM "tasks"[0m
  ↳ app/controllers/api/tasks_controller.rb:4
Completed 200 OK in 8ms (Views: 6.6ms | ActiveRecord: 0.6ms)


Started POST "/api/tasks" for ::1 at 2019-04-23 16:34:07 -0700
Processing by Api::TasksController#create as */*
  Parameters: {"todo"=>{"title"=>"", "body"=>""}, "default"=>{"format"=>:json}}
  [1m[35m (0.2ms)[0m  [1m[35mBEGIN[0m
  ↳ app/controllers/api/tasks_controller.rb:13
  [1m[35m (0.8ms)[0m  [1m[31mROLLBACK[0m
  ↳ app/controllers/api/tasks_controller.rb:13
Completed 422 Unprocessable Entity in 11ms (Views: 0.3ms | ActiveRecord: 1.1ms)


Started GET "/" for ::1 at 2019-04-23 16:36:36 -0700
Processing by StaticPagesController#root as HTML
  Rendering static_pages/root.html.erb within layouts/application
  Rendered static_pages/root.html.erb within layouts/application (1.0ms)
Completed 200 OK in 1415ms (Views: 1414.6ms | ActiveRecord: 0.0ms)


Started GET "/api/tasks" for ::1 at 2019-04-23 16:36:38 -0700
Processing by Api::TasksController#index as */*
  Parameters: {"default"=>{"format"=>:json}}
  [1m[36mTask Load (0.8ms)[0m  [1m[34mSELECT "tasks".* FROM "tasks"[0m
  ↳ app/controllers/api/tasks_controller.rb:4
Completed 200 OK in 6ms (Views: 4.9ms | ActiveRecord: 0.8ms)


Started POST "/api/tasks" for ::1 at 2019-04-23 16:36:40 -0700
Processing by Api::TasksController#create as */*
  Parameters: {"todo"=>{"title"=>"", "body"=>""}, "default"=>{"format"=>:json}}
  [1m[35m (1.2ms)[0m  [1m[35mBEGIN[0m
  ↳ app/controllers/api/tasks_controller.rb:13
  [1m[35m (0.2ms)[0m  [1m[31mROLLBACK[0m
  ↳ app/controllers/api/tasks_controller.rb:13
Completed 422 Unprocessable Entity in 10ms (Views: 0.2ms | ActiveRecord: 1.4ms)


Started GET "/" for ::1 at 2019-04-23 16:37:00 -0700
Processing by StaticPagesController#root as HTML
  Rendering static_pages/root.html.erb within layouts/application
  Rendered static_pages/root.html.erb within layouts/application (2.2ms)
Started POST "/api/tasks" for ::1 at 2019-04-23 16:37:01 -0700
Processing by Api::TasksController#create as */*
  Parameters: {"todo"=>{"title"=>"", "body"=>""}, "default"=>{"format"=>:json}}
  [1m[35m (0.4ms)[0m  [1m[35mBEGIN[0m
  ↳ app/controllers/api/tasks_controller.rb:13
  [1m[35m (0.2ms)[0m  [1m[31mROLLBACK[0m
  ↳ app/controllers/api/tasks_controller.rb:13
Completed 422 Unprocessable Entity in 9ms (Views: 0.3ms | ActiveRecord: 0.6ms)


Completed 200 OK in 1289ms (Views: 1289.0ms | ActiveRecord: 0.0ms)


Started GET "/api/tasks" for ::1 at 2019-04-23 16:37:02 -0700
Processing by Api::TasksController#index as */*
  Parameters: {"default"=>{"format"=>:json}}
  [1m[36mTask Load (0.8ms)[0m  [1m[34mSELECT "tasks".* FROM "tasks"[0m
  ↳ app/controllers/api/tasks_controller.rb:4
Completed 200 OK in 9ms (Views: 8.0ms | ActiveRecord: 0.8ms)


Started GET "/" for ::1 at 2019-04-23 16:37:10 -0700
Processing by StaticPagesController#root as HTML
  Rendering static_pages/root.html.erb within layouts/application
  Rendered static_pages/root.html.erb within layouts/application (0.5ms)
Completed 200 OK in 37ms (Views: 36.7ms | ActiveRecord: 0.0ms)


Started GET "/api/tasks" for ::1 at 2019-04-23 16:37:10 -0700
Processing by Api::TasksController#index as */*
  Parameters: {"default"=>{"format"=>:json}}
  [1m[36mTask Load (2.0ms)[0m  [1m[34mSELECT "tasks".* FROM "tasks"[0m
  ↳ app/controllers/api/tasks_controller.rb:4
Completed 200 OK in 8ms (Views: 5.3ms | ActiveRecord: 2.0ms)


Started POST "/api/tasks" for ::1 at 2019-04-23 16:37:11 -0700
Processing by Api::TasksController#create as */*
  Parameters: {"todo"=>{"title"=>"", "body"=>""}, "default"=>{"format"=>:json}}
  [1m[35m (0.3ms)[0m  [1m[35mBEGIN[0m
  ↳ app/controllers/api/tasks_controller.rb:13
  [1m[35m (0.2ms)[0m  [1m[31mROLLBACK[0m
  ↳ app/controllers/api/tasks_controller.rb:13
Completed 422 Unprocessable Entity in 6ms (Views: 0.2ms | ActiveRecord: 0.5ms)


Started GET "/" for ::1 at 2019-04-23 16:48:33 -0700
Processing by StaticPagesController#root as HTML
  Rendering static_pages/root.html.erb within layouts/application
  Rendered static_pages/root.html.erb within layouts/application (4.2ms)
Completed 200 OK in 1607ms (Views: 1606.4ms | ActiveRecord: 0.0ms)


Started GET "/" for ::1 at 2019-04-23 16:49:46 -0700
Processing by StaticPagesController#root as HTML
  Rendering static_pages/root.html.erb within layouts/application
  Rendered static_pages/root.html.erb within layouts/application (1.3ms)
Completed 200 OK in 1447ms (Views: 1446.5ms | ActiveRecord: 0.0ms)


Started GET "/" for ::1 at 2019-04-23 16:50:43 -0700
Processing by StaticPagesController#root as HTML
  Rendering static_pages/root.html.erb within layouts/application
  Rendered static_pages/root.html.erb within layouts/application (0.8ms)
Completed 200 OK in 1259ms (Views: 1258.0ms | ActiveRecord: 0.0ms)


Started GET "/api/tasks" for ::1 at 2019-04-23 16:50:45 -0700
Processing by Api::TasksController#index as */*
  Parameters: {"default"=>{"format"=>:json}}
  [1m[36mTask Load (3.3ms)[0m  [1m[34mSELECT "tasks".* FROM "tasks"[0m
  ↳ app/controllers/api/tasks_controller.rb:4
Completed 200 OK in 12ms (Views: 8.3ms | ActiveRecord: 3.3ms)


Started POST "/api/tasks" for ::1 at 2019-04-23 16:50:47 -0700
Processing by Api::TasksController#create as */*
  Parameters: {"todo"=>{"title"=>"", "body"=>""}, "default"=>{"format"=>:json}}
  [1m[35m (0.3ms)[0m  [1m[35mBEGIN[0m
  ↳ app/controllers/api/tasks_controller.rb:13
  [1m[35m (0.3ms)[0m  [1m[31mROLLBACK[0m
  ↳ app/controllers/api/tasks_controller.rb:13
Completed 422 Unprocessable Entity in 10ms (Views: 0.4ms | ActiveRecord: 0.6ms)


Started GET "/" for ::1 at 2019-04-23 16:52:02 -0700
Processing by StaticPagesController#root as HTML
  Rendering static_pages/root.html.erb within layouts/application
  Rendered static_pages/root.html.erb within layouts/application (0.8ms)
Completed 200 OK in 1222ms (Views: 1221.3ms | ActiveRecord: 0.0ms)


Started GET "/api/tasks" for ::1 at 2019-04-23 16:52:03 -0700
Processing by Api::TasksController#index as */*
  Parameters: {"default"=>{"format"=>:json}}
  [1m[36mTask Load (1.5ms)[0m  [1m[34mSELECT "tasks".* FROM "tasks"[0m
  ↳ app/controllers/api/tasks_controller.rb:4
Completed 200 OK in 6ms (Views: 4.0ms | ActiveRecord: 1.5ms)


Started POST "/api/tasks" for ::1 at 2019-04-23 16:52:08 -0700
Processing by Api::TasksController#create as */*
  Parameters: {"todo"=>{"title"=>"", "body"=>""}, "default"=>{"format"=>:json}}
  [1m[35m (3.4ms)[0m  [1m[35mBEGIN[0m
  ↳ app/controllers/api/tasks_controller.rb:13
  [1m[35m (0.3ms)[0m  [1m[31mROLLBACK[0m
  ↳ app/controllers/api/tasks_controller.rb:13
Completed 422 Unprocessable Entity in 11ms (Views: 0.3ms | ActiveRecord: 3.7ms)


Started GET "/" for ::1 at 2019-04-23 16:53:32 -0700
Processing by StaticPagesController#root as HTML
  Rendering static_pages/root.html.erb within layouts/application
  Rendered static_pages/root.html.erb within layouts/application (2.0ms)
Completed 200 OK in 1286ms (Views: 1283.9ms | ActiveRecord: 0.0ms)


Started GET "/api/tasks" for ::1 at 2019-04-23 16:53:34 -0700
Processing by Api::TasksController#index as */*
  Parameters: {"default"=>{"format"=>:json}}
  [1m[36mTask Load (1.1ms)[0m  [1m[34mSELECT "tasks".* FROM "tasks"[0m
  ↳ app/controllers/api/tasks_controller.rb:4
Completed 200 OK in 10ms (Views: 8.4ms | ActiveRecord: 1.1ms)


Started POST "/api/tasks" for ::1 at 2019-04-23 16:53:39 -0700
Processing by Api::TasksController#create as */*
  Parameters: {"todo"=>{"title"=>"silly rabit ", "body"=>""}, "default"=>{"format"=>:json}}
  [1m[35m (0.8ms)[0m  [1m[35mBEGIN[0m
  ↳ app/controllers/api/tasks_controller.rb:13
  [1m[35m (0.3ms)[0m  [1m[31mROLLBACK[0m
  ↳ app/controllers/api/tasks_controller.rb:13
Completed 422 Unprocessable Entity in 11ms (Views: 0.3ms | ActiveRecord: 1.0ms)


Started POST "/api/tasks" for ::1 at 2019-04-23 16:53:46 -0700
Processing by Api::TasksController#create as */*
  Parameters: {"todo"=>{"title"=>"silly rabit ", "body"=>"trix are for kids"}, "default"=>{"format"=>:json}}
  [1m[35m (0.2ms)[0m  [1m[35mBEGIN[0m
  ↳ app/controllers/api/tasks_controller.rb:13
  [1m[36mTask Create (28.3ms)[0m  [1m[32mINSERT INTO "tasks" ("title", "body", "done", "created_at", "updated_at") VALUES ($1, $2, $3, $4, $5) RETURNING "id"[0m  [["title", "silly rabit "], ["body", "trix are for kids"], ["done", false], ["created_at", "2019-04-23 23:53:46.354197"], ["updated_at", "2019-04-23 23:53:46.354197"]]
  ↳ app/controllers/api/tasks_controller.rb:13
  [1m[35m (0.7ms)[0m  [1m[35mCOMMIT[0m
  ↳ app/controllers/api/tasks_controller.rb:13
Completed 200 OK in 39ms (Views: 0.6ms | ActiveRecord: 29.2ms)


